[2024-03-03 07:39:48] production.ERROR: could not find driver (Connection: mysql, SQL: select table_name as `name`, (data_length + index_length) as `size`, table_comment as `comment`, engine as `engine`, table_collation as `collation` from information_schema.tables where table_schema = 'forge' and table_type = 'BASE TABLE' order by table_name) {"exception":"[object] (Illuminate\\Database\\QueryException(code: 0): could not find driver (Connection: mysql, SQL: select table_name as `name`, (data_length + index_length) as `size`, table_comment as `comment`, engine as `engine`, table_collation as `collation` from information_schema.tables where table_schema = 'forge' and table_type = 'BASE TABLE' order by table_name) at /home/reedhook/Documents/Sputnik/project/vendor/illuminate/database/Connection.php:822)
[stacktrace]
#0 /home/reedhook/Documents/Sputnik/project/vendor/illuminate/database/Connection.php(776): Illuminate\\Database\\Connection->runQueryCallback()
#1 /home/reedhook/Documents/Sputnik/project/vendor/illuminate/database/Connection.php(407): Illuminate\\Database\\Connection->run()
#2 /home/reedhook/Documents/Sputnik/project/vendor/illuminate/database/Connection.php(394): Illuminate\\Database\\Connection->select()
#3 /home/reedhook/Documents/Sputnik/project/vendor/illuminate/database/Schema/MySqlBuilder.php(41): Illuminate\\Database\\Connection->selectFromWriteConnection()
#4 /home/reedhook/Documents/Sputnik/project/vendor/illuminate/database/Schema/Builder.php(162): Illuminate\\Database\\Schema\\MySqlBuilder->getTables()
#5 /home/reedhook/Documents/Sputnik/project/vendor/illuminate/database/Migrations/DatabaseMigrationRepository.php(184): Illuminate\\Database\\Schema\\Builder->hasTable()
#6 /home/reedhook/Documents/Sputnik/project/vendor/illuminate/database/Migrations/Migrator.php(700): Illuminate\\Database\\Migrations\\DatabaseMigrationRepository->repositoryExists()
#7 /home/reedhook/Documents/Sputnik/project/vendor/illuminate/database/Console/Migrations/MigrateCommand.php(140): Illuminate\\Database\\Migrations\\Migrator->repositoryExists()
#8 /home/reedhook/Documents/Sputnik/project/vendor/illuminate/support/helpers.php(248): Illuminate\\Database\\Console\\Migrations\\MigrateCommand->Illuminate\\Database\\Console\\Migrations\\{closure}()
#9 /home/reedhook/Documents/Sputnik/project/vendor/illuminate/database/Console/Migrations/MigrateCommand.php(140): retry()
#10 /home/reedhook/Documents/Sputnik/project/vendor/illuminate/database/Console/Migrations/MigrateCommand.php(116): Illuminate\\Database\\Console\\Migrations\\MigrateCommand->repositoryExists()
#11 /home/reedhook/Documents/Sputnik/project/vendor/illuminate/database/Console/Migrations/MigrateCommand.php(84): Illuminate\\Database\\Console\\Migrations\\MigrateCommand->prepareDatabase()
#12 /home/reedhook/Documents/Sputnik/project/vendor/illuminate/database/Migrations/Migrator.php(633): Illuminate\\Database\\Console\\Migrations\\MigrateCommand->Illuminate\\Database\\Console\\Migrations\\{closure}()
#13 /home/reedhook/Documents/Sputnik/project/vendor/illuminate/database/Console/Migrations/MigrateCommand.php(83): Illuminate\\Database\\Migrations\\Migrator->usingConnection()
#14 /home/reedhook/Documents/Sputnik/project/vendor/illuminate/container/BoundMethod.php(36): Illuminate\\Database\\Console\\Migrations\\MigrateCommand->handle()
#15 /home/reedhook/Documents/Sputnik/project/vendor/illuminate/container/Util.php(41): Illuminate\\Container\\BoundMethod::Illuminate\\Container\\{closure}()
#16 /home/reedhook/Documents/Sputnik/project/vendor/illuminate/container/BoundMethod.php(93): Illuminate\\Container\\Util::unwrapIfClosure()
#17 /home/reedhook/Documents/Sputnik/project/vendor/illuminate/container/BoundMethod.php(35): Illuminate\\Container\\BoundMethod::callBoundMethod()
#18 /home/reedhook/Documents/Sputnik/project/vendor/illuminate/container/Container.php(662): Illuminate\\Container\\BoundMethod::call()
#19 /home/reedhook/Documents/Sputnik/project/vendor/illuminate/console/Command.php(211): Illuminate\\Container\\Container->call()
#20 /home/reedhook/Documents/Sputnik/project/vendor/symfony/console/Command/Command.php(326): Illuminate\\Console\\Command->execute()
#21 /home/reedhook/Documents/Sputnik/project/vendor/illuminate/console/Command.php(180): Symfony\\Component\\Console\\Command\\Command->run()
#22 /home/reedhook/Documents/Sputnik/project/vendor/symfony/console/Application.php(1078): Illuminate\\Console\\Command->run()
#23 /home/reedhook/Documents/Sputnik/project/vendor/symfony/console/Application.php(324): Symfony\\Component\\Console\\Application->doRunCommand()
#24 /home/reedhook/Documents/Sputnik/project/vendor/symfony/console/Application.php(175): Symfony\\Component\\Console\\Application->doRun()
#25 /home/reedhook/Documents/Sputnik/project/vendor/laravel/lumen-framework/src/Console/Kernel.php(160): Symfony\\Component\\Console\\Application->run()
#26 /home/reedhook/Documents/Sputnik/project/artisan(35): Laravel\\Lumen\\Console\\Kernel->handle()
#27 {main}

[previous exception] [object] (PDOException(code: 0): could not find driver at /home/reedhook/Documents/Sputnik/project/vendor/illuminate/database/Connectors/Connector.php:65)
[stacktrace]
#0 /home/reedhook/Documents/Sputnik/project/vendor/illuminate/database/Connectors/Connector.php(65): PDO->__construct()
#1 /home/reedhook/Documents/Sputnik/project/vendor/illuminate/database/Connectors/Connector.php(44): Illuminate\\Database\\Connectors\\Connector->createPdoConnection()
#2 /home/reedhook/Documents/Sputnik/project/vendor/illuminate/database/Connectors/MySqlConnector.php(24): Illuminate\\Database\\Connectors\\Connector->createConnection()
#3 /home/reedhook/Documents/Sputnik/project/vendor/illuminate/database/Connectors/ConnectionFactory.php(184): Illuminate\\Database\\Connectors\\MySqlConnector->connect()
#4 [internal function]: Illuminate\\Database\\Connectors\\ConnectionFactory->Illuminate\\Database\\Connectors\\{closure}()
#5 /home/reedhook/Documents/Sputnik/project/vendor/illuminate/database/Connection.php(1319): call_user_func()
#6 /home/reedhook/Documents/Sputnik/project/vendor/illuminate/database/Connection.php(521): Illuminate\\Database\\Connection->getPdo()
#7 /home/reedhook/Documents/Sputnik/project/vendor/illuminate/database/Connection.php(416): Illuminate\\Database\\Connection->getPdoForSelect()
#8 /home/reedhook/Documents/Sputnik/project/vendor/illuminate/database/Connection.php(809): Illuminate\\Database\\Connection->Illuminate\\Database\\{closure}()
#9 /home/reedhook/Documents/Sputnik/project/vendor/illuminate/database/Connection.php(776): Illuminate\\Database\\Connection->runQueryCallback()
#10 /home/reedhook/Documents/Sputnik/project/vendor/illuminate/database/Connection.php(407): Illuminate\\Database\\Connection->run()
#11 /home/reedhook/Documents/Sputnik/project/vendor/illuminate/database/Connection.php(394): Illuminate\\Database\\Connection->select()
#12 /home/reedhook/Documents/Sputnik/project/vendor/illuminate/database/Schema/MySqlBuilder.php(41): Illuminate\\Database\\Connection->selectFromWriteConnection()
#13 /home/reedhook/Documents/Sputnik/project/vendor/illuminate/database/Schema/Builder.php(162): Illuminate\\Database\\Schema\\MySqlBuilder->getTables()
#14 /home/reedhook/Documents/Sputnik/project/vendor/illuminate/database/Migrations/DatabaseMigrationRepository.php(184): Illuminate\\Database\\Schema\\Builder->hasTable()
#15 /home/reedhook/Documents/Sputnik/project/vendor/illuminate/database/Migrations/Migrator.php(700): Illuminate\\Database\\Migrations\\DatabaseMigrationRepository->repositoryExists()
#16 /home/reedhook/Documents/Sputnik/project/vendor/illuminate/database/Console/Migrations/MigrateCommand.php(140): Illuminate\\Database\\Migrations\\Migrator->repositoryExists()
#17 /home/reedhook/Documents/Sputnik/project/vendor/illuminate/support/helpers.php(248): Illuminate\\Database\\Console\\Migrations\\MigrateCommand->Illuminate\\Database\\Console\\Migrations\\{closure}()
#18 /home/reedhook/Documents/Sputnik/project/vendor/illuminate/database/Console/Migrations/MigrateCommand.php(140): retry()
#19 /home/reedhook/Documents/Sputnik/project/vendor/illuminate/database/Console/Migrations/MigrateCommand.php(116): Illuminate\\Database\\Console\\Migrations\\MigrateCommand->repositoryExists()
#20 /home/reedhook/Documents/Sputnik/project/vendor/illuminate/database/Console/Migrations/MigrateCommand.php(84): Illuminate\\Database\\Console\\Migrations\\MigrateCommand->prepareDatabase()
#21 /home/reedhook/Documents/Sputnik/project/vendor/illuminate/database/Migrations/Migrator.php(633): Illuminate\\Database\\Console\\Migrations\\MigrateCommand->Illuminate\\Database\\Console\\Migrations\\{closure}()
#22 /home/reedhook/Documents/Sputnik/project/vendor/illuminate/database/Console/Migrations/MigrateCommand.php(83): Illuminate\\Database\\Migrations\\Migrator->usingConnection()
#23 /home/reedhook/Documents/Sputnik/project/vendor/illuminate/container/BoundMethod.php(36): Illuminate\\Database\\Console\\Migrations\\MigrateCommand->handle()
#24 /home/reedhook/Documents/Sputnik/project/vendor/illuminate/container/Util.php(41): Illuminate\\Container\\BoundMethod::Illuminate\\Container\\{closure}()
#25 /home/reedhook/Documents/Sputnik/project/vendor/illuminate/container/BoundMethod.php(93): Illuminate\\Container\\Util::unwrapIfClosure()
#26 /home/reedhook/Documents/Sputnik/project/vendor/illuminate/container/BoundMethod.php(35): Illuminate\\Container\\BoundMethod::callBoundMethod()
#27 /home/reedhook/Documents/Sputnik/project/vendor/illuminate/container/Container.php(662): Illuminate\\Container\\BoundMethod::call()
#28 /home/reedhook/Documents/Sputnik/project/vendor/illuminate/console/Command.php(211): Illuminate\\Container\\Container->call()
#29 /home/reedhook/Documents/Sputnik/project/vendor/symfony/console/Command/Command.php(326): Illuminate\\Console\\Command->execute()
#30 /home/reedhook/Documents/Sputnik/project/vendor/illuminate/console/Command.php(180): Symfony\\Component\\Console\\Command\\Command->run()
#31 /home/reedhook/Documents/Sputnik/project/vendor/symfony/console/Application.php(1078): Illuminate\\Console\\Command->run()
#32 /home/reedhook/Documents/Sputnik/project/vendor/symfony/console/Application.php(324): Symfony\\Component\\Console\\Application->doRunCommand()
#33 /home/reedhook/Documents/Sputnik/project/vendor/symfony/console/Application.php(175): Symfony\\Component\\Console\\Application->doRun()
#34 /home/reedhook/Documents/Sputnik/project/vendor/laravel/lumen-framework/src/Console/Kernel.php(160): Symfony\\Component\\Console\\Application->run()
#35 /home/reedhook/Documents/Sputnik/project/artisan(35): Laravel\\Lumen\\Console\\Kernel->handle()
#36 {main}
"} 
[2024-03-03 07:41:32] local.ERROR: key must be a string when using hmac {"exception":"[object] (InvalidArgumentException(code: 0): key must be a string when using hmac at /home/reedhook/Documents/Sputnik/project/vendor/firebase/php-jwt/src/JWT.php:249)
[stacktrace]
#0 /home/reedhook/Documents/Sputnik/project/vendor/firebase/php-jwt/src/JWT.php(219): Firebase\\JWT\\JWT::sign()
#1 /home/reedhook/Documents/Sputnik/project/app/Http/Controllers/User/AuthController.php(48): Firebase\\JWT\\JWT::encode()
#2 /home/reedhook/Documents/Sputnik/project/app/Http/Controllers/User/AuthController.php(78): App\\Http\\Controllers\\User\\AuthController->jwt()
#3 /home/reedhook/Documents/Sputnik/project/vendor/illuminate/container/BoundMethod.php(36): App\\Http\\Controllers\\User\\AuthController->login()
#4 /home/reedhook/Documents/Sputnik/project/vendor/illuminate/container/Util.php(41): Illuminate\\Container\\BoundMethod::Illuminate\\Container\\{closure}()
#5 /home/reedhook/Documents/Sputnik/project/vendor/illuminate/container/BoundMethod.php(93): Illuminate\\Container\\Util::unwrapIfClosure()
#6 /home/reedhook/Documents/Sputnik/project/vendor/illuminate/container/BoundMethod.php(35): Illuminate\\Container\\BoundMethod::callBoundMethod()
#7 /home/reedhook/Documents/Sputnik/project/vendor/illuminate/container/Container.php(662): Illuminate\\Container\\BoundMethod::call()
#8 /home/reedhook/Documents/Sputnik/project/vendor/laravel/lumen-framework/src/Concerns/RoutesRequests.php(391): Illuminate\\Container\\Container->call()
#9 /home/reedhook/Documents/Sputnik/project/vendor/laravel/lumen-framework/src/Concerns/RoutesRequests.php(356): Laravel\\Lumen\\Application->callControllerCallable()
#10 /home/reedhook/Documents/Sputnik/project/vendor/laravel/lumen-framework/src/Concerns/RoutesRequests.php(331): Laravel\\Lumen\\Application->callLumenController()
#11 /home/reedhook/Documents/Sputnik/project/vendor/laravel/lumen-framework/src/Concerns/RoutesRequests.php(284): Laravel\\Lumen\\Application->callControllerAction()
#12 /home/reedhook/Documents/Sputnik/project/vendor/laravel/lumen-framework/src/Concerns/RoutesRequests.php(264): Laravel\\Lumen\\Application->callActionOnArrayBasedRoute()
#13 /home/reedhook/Documents/Sputnik/project/vendor/laravel/lumen-framework/src/Routing/Pipeline.php(48): Laravel\\Lumen\\Application->Laravel\\Lumen\\Concerns\\{closure}()
#14 /home/reedhook/Documents/Sputnik/project/app/Http/Middleware/GuestMiddleware.php(23): Laravel\\Lumen\\Routing\\Pipeline->Laravel\\Lumen\\Routing\\{closure}()
#15 /home/reedhook/Documents/Sputnik/project/vendor/illuminate/pipeline/Pipeline.php(183): App\\Http\\Middleware\\GuestMiddleware->handle()
#16 /home/reedhook/Documents/Sputnik/project/vendor/laravel/lumen-framework/src/Routing/Pipeline.php(30): Illuminate\\Pipeline\\Pipeline->Illuminate\\Pipeline\\{closure}()
#17 /home/reedhook/Documents/Sputnik/project/vendor/illuminate/pipeline/Pipeline.php(119): Laravel\\Lumen\\Routing\\Pipeline->Laravel\\Lumen\\Routing\\{closure}()
#18 /home/reedhook/Documents/Sputnik/project/vendor/laravel/lumen-framework/src/Concerns/RoutesRequests.php(428): Illuminate\\Pipeline\\Pipeline->then()
#19 /home/reedhook/Documents/Sputnik/project/vendor/laravel/lumen-framework/src/Concerns/RoutesRequests.php(263): Laravel\\Lumen\\Application->sendThroughPipeline()
#20 /home/reedhook/Documents/Sputnik/project/vendor/laravel/lumen-framework/src/Concerns/RoutesRequests.php(171): Laravel\\Lumen\\Application->handleFoundRoute()
#21 /home/reedhook/Documents/Sputnik/project/vendor/laravel/lumen-framework/src/Concerns/RoutesRequests.php(431): Laravel\\Lumen\\Application->Laravel\\Lumen\\Concerns\\{closure}()
#22 /home/reedhook/Documents/Sputnik/project/vendor/laravel/lumen-framework/src/Concerns/RoutesRequests.php(167): Laravel\\Lumen\\Application->sendThroughPipeline()
#23 /home/reedhook/Documents/Sputnik/project/vendor/laravel/lumen-framework/src/Concerns/RoutesRequests.php(112): Laravel\\Lumen\\Application->dispatch()
#24 /home/reedhook/Documents/Sputnik/project/public/index.php(28): Laravel\\Lumen\\Application->run()
#25 {main}
"} 
